"ERROR","FILES","03/30/2020","19:28:42","coldbox.system.web.services.HandlerService","Invalid Event detected: dddd. Path info: /dddd, query string:"
"INFO","FILES","03/30/2020","19:28:55","coldbox.system.web.services.ModuleService","Module HTMLHelper unloaded successfully."
"INFO","FILES","03/30/2020","19:28:55","coldbox.system.web.services.ModuleService","Module cbjavaloader unloaded successfully."
"INFO","FILES","03/30/2020","19:28:55","coldbox.system.web.services.ModuleService","Module cfcollection unloaded successfully."
"INFO","FILES","03/30/2020","19:28:55","coldbox.system.web.services.ModuleService","Module quick unloaded successfully."
"INFO","FILES","03/30/2020","19:28:55","coldbox.system.web.services.ModuleService","Module hyper unloaded successfully."
"INFO","FILES","03/30/2020","19:28:55","coldbox.system.web.services.ModuleService","Module normalizeToArray unloaded successfully."
"INFO","FILES","03/30/2020","19:28:55","coldbox.system.web.services.ModuleService","Module qb unloaded successfully."
"INFO","FILES","03/30/2020","19:28:55","coldbox.system.web.services.ModuleService","Module str unloaded successfully."
"INFO","FILES","03/30/2020","19:28:55","coldbox.system.ioc.Injector","Shutdown of Injector: 897975451 requested and started."
"INFO","FILES","03/30/2020","19:28:55","coldbox.system.ioc.Injector","Shutdown of injector: 897975451 completed."
"INFO","FILES","03/30/2020","19:28:56","coldbox.system.web.services.RoutingService","Loading Modern Router at: config.Router"
"INFO","FILES","03/30/2020","19:28:56","coldbox.system.web.services.ModuleService","Module HTMLHelper registered successfully."
"INFO","FILES","03/30/2020","19:28:56","coldbox.system.web.services.ModuleService","Module hyper registered successfully."
"INFO","FILES","03/30/2020","19:28:56","coldbox.system.web.services.ModuleService","Module normalizeToArray registered successfully."
"INFO","FILES","03/30/2020","19:28:56","coldbox.system.web.services.ModuleService","Module cfcollection registered successfully."
"INFO","FILES","03/30/2020","19:28:56","coldbox.system.web.services.ModuleService","Module qb registered successfully."
"INFO","FILES","03/30/2020","19:28:56","coldbox.system.web.services.ModuleService","Module cbjavaloader registered successfully."
"INFO","FILES","03/30/2020","19:28:56","coldbox.system.web.services.ModuleService","Module str registered successfully."
"INFO","FILES","03/30/2020","19:28:56","coldbox.system.web.services.ModuleService","Module quick registered successfully."
"INFO","FILES","03/30/2020","19:28:56","coldbox.system.web.services.ModuleService","==> Registered All Modules in 53 ms"
"INFO","FILES","03/30/2020","19:28:56","coldbox.system.web.services.ModuleService","Module HTMLHelper activated sucessfully."
"INFO","FILES","03/30/2020","19:28:56","coldbox.system.web.services.ModuleService","Module hyper activated sucessfully."
"INFO","FILES","03/30/2020","19:28:56","coldbox.system.web.services.ModuleService","Activating quick requests dependency activation: qb"
"INFO","FILES","03/30/2020","19:28:56","coldbox.system.web.services.ModuleService","Module qb activated sucessfully."
"INFO","FILES","03/30/2020","19:28:56","coldbox.system.web.services.ModuleService","Activating quick requests dependency activation: str"
"INFO","FILES","03/30/2020","19:28:56","coldbox.system.web.services.ModuleService","Activating str requests dependency activation: cbjavaloader"
"INFO","FILES","03/30/2020","19:28:56","coldbox.system.web.services.ModuleService","Module cbjavaloader activated sucessfully."
"INFO","FILES","03/30/2020","19:28:56","coldbox.system.web.services.ModuleService","Module cbjavaloader already activated, skipping activation."
"INFO","FILES","03/30/2020","19:28:56","coldbox.system.web.services.ModuleService","Module str activated sucessfully."
"INFO","FILES","03/30/2020","19:28:56","coldbox.system.web.services.ModuleService","Module normalizeToArray activated sucessfully."
"INFO","FILES","03/30/2020","19:28:56","coldbox.system.web.services.ModuleService","Module cfcollection activated sucessfully."
"INFO","FILES","03/30/2020","19:28:56","coldbox.system.web.services.ModuleService","Module qb already activated, skipping activation."
"INFO","FILES","03/30/2020","19:28:56","coldbox.system.web.services.ModuleService","Module str already activated, skipping activation."
"INFO","FILES","03/30/2020","19:28:56","coldbox.system.web.services.ModuleService","Module quick activated sucessfully."
"INFO","FILES","03/30/2020","19:28:56","coldbox.system.web.services.ModuleService","Module cfcollection already activated, skipping activation."
"INFO","FILES","03/30/2020","19:28:56","coldbox.system.web.services.ModuleService","Module normalizeToArray already activated, skipping activation."
"INFO","FILES","03/30/2020","19:28:56","coldbox.system.web.services.ModuleService","Module qb already activated, skipping activation."
"INFO","FILES","03/30/2020","19:28:56","coldbox.system.web.services.ModuleService","Module str already activated, skipping activation."
"INFO","FILES","03/30/2020","19:28:56","coldbox.system.web.services.ModuleService","Module cbjavaloader already activated, skipping activation."
"INFO","FILES","03/30/2020","19:28:56","coldbox.system.web.services.ModuleService","==> Activated All Modules in 68 ms"
"INFO","FILES","03/30/2020","19:28:56","coldbox.system.web.services.InterceptorService","Re-scanning interceptors as modules have contributed interception points"
"INFO","FILES","03/30/2020","19:30:59","coldbox.system.web.services.ModuleService","Module HTMLHelper unloaded successfully."
"INFO","FILES","03/30/2020","19:30:59","coldbox.system.web.services.ModuleService","Module cbjavaloader unloaded successfully."
"INFO","FILES","03/30/2020","19:30:59","coldbox.system.web.services.ModuleService","Module cfcollection unloaded successfully."
"INFO","FILES","03/30/2020","19:30:59","coldbox.system.web.services.ModuleService","Module quick unloaded successfully."
"INFO","FILES","03/30/2020","19:30:59","coldbox.system.web.services.ModuleService","Module hyper unloaded successfully."
"INFO","FILES","03/30/2020","19:30:59","coldbox.system.web.services.ModuleService","Module normalizeToArray unloaded successfully."
"INFO","FILES","03/30/2020","19:30:59","coldbox.system.web.services.ModuleService","Module qb unloaded successfully."
"INFO","FILES","03/30/2020","19:30:59","coldbox.system.web.services.ModuleService","Module str unloaded successfully."
"INFO","FILES","03/30/2020","19:30:59","coldbox.system.ioc.Injector","Shutdown of Injector: 1516611691 requested and started."
"INFO","FILES","03/30/2020","19:30:59","coldbox.system.ioc.Injector","Shutdown of injector: 1516611691 completed."
"INFO","FILES","03/30/2020","19:31:00","coldbox.system.web.services.RoutingService","Loading Modern Router at: config.Router"
"INFO","FILES","03/30/2020","19:31:00","coldbox.system.web.services.ModuleService","Module HTMLHelper registered successfully."
"INFO","FILES","03/30/2020","19:31:00","coldbox.system.web.services.ModuleService","Module hyper registered successfully."
"INFO","FILES","03/30/2020","19:31:00","coldbox.system.web.services.ModuleService","Module normalizeToArray registered successfully."
"INFO","FILES","03/30/2020","19:31:00","coldbox.system.web.services.ModuleService","Module cfcollection registered successfully."
"INFO","FILES","03/30/2020","19:31:00","coldbox.system.web.services.ModuleService","Module qb registered successfully."
"INFO","FILES","03/30/2020","19:31:00","coldbox.system.web.services.ModuleService","Module cbjavaloader registered successfully."
"INFO","FILES","03/30/2020","19:31:00","coldbox.system.web.services.ModuleService","Module str registered successfully."
"INFO","FILES","03/30/2020","19:31:00","coldbox.system.web.services.ModuleService","Module quick registered successfully."
"INFO","FILES","03/30/2020","19:31:00","coldbox.system.web.services.ModuleService","==> Registered All Modules in 96 ms"
"INFO","FILES","03/30/2020","19:31:00","coldbox.system.web.services.ModuleService","Module HTMLHelper activated sucessfully."
"INFO","FILES","03/30/2020","19:31:00","coldbox.system.web.services.ModuleService","Module hyper activated sucessfully."
"INFO","FILES","03/30/2020","19:31:00","coldbox.system.web.services.ModuleService","Activating quick requests dependency activation: qb"
"INFO","FILES","03/30/2020","19:31:00","coldbox.system.web.services.ModuleService","Module qb activated sucessfully."
"INFO","FILES","03/30/2020","19:31:00","coldbox.system.web.services.ModuleService","Activating quick requests dependency activation: str"
"INFO","FILES","03/30/2020","19:31:00","coldbox.system.web.services.ModuleService","Activating str requests dependency activation: cbjavaloader"
"INFO","FILES","03/30/2020","19:31:00","coldbox.system.web.services.ModuleService","Module cbjavaloader activated sucessfully."
"INFO","FILES","03/30/2020","19:31:00","coldbox.system.web.services.ModuleService","Module cbjavaloader already activated, skipping activation."
"INFO","FILES","03/30/2020","19:31:00","coldbox.system.web.services.ModuleService","Module str activated sucessfully."
"INFO","FILES","03/30/2020","19:31:00","coldbox.system.web.services.ModuleService","Module normalizeToArray activated sucessfully."
"INFO","FILES","03/30/2020","19:31:00","coldbox.system.web.services.ModuleService","Module cfcollection activated sucessfully."
"INFO","FILES","03/30/2020","19:31:00","coldbox.system.web.services.ModuleService","Module qb already activated, skipping activation."
"INFO","FILES","03/30/2020","19:31:00","coldbox.system.web.services.ModuleService","Module str already activated, skipping activation."
"INFO","FILES","03/30/2020","19:31:00","coldbox.system.web.services.ModuleService","Module quick activated sucessfully."
"INFO","FILES","03/30/2020","19:31:00","coldbox.system.web.services.ModuleService","Module cfcollection already activated, skipping activation."
"INFO","FILES","03/30/2020","19:31:00","coldbox.system.web.services.ModuleService","Module normalizeToArray already activated, skipping activation."
"INFO","FILES","03/30/2020","19:31:00","coldbox.system.web.services.ModuleService","Module qb already activated, skipping activation."
"INFO","FILES","03/30/2020","19:31:00","coldbox.system.web.services.ModuleService","Module str already activated, skipping activation."
"INFO","FILES","03/30/2020","19:31:00","coldbox.system.web.services.ModuleService","Module cbjavaloader already activated, skipping activation."
"INFO","FILES","03/30/2020","19:31:00","coldbox.system.web.services.ModuleService","==> Activated All Modules in 78 ms"
"INFO","FILES","03/30/2020","19:31:00","coldbox.system.web.services.InterceptorService","Re-scanning interceptors as modules have contributed interception points"
"INFO","FILES","03/30/2020","19:31:26","coldbox.system.web.services.ModuleService","Module HTMLHelper unloaded successfully."
"INFO","FILES","03/30/2020","19:31:26","coldbox.system.web.services.ModuleService","Module cbjavaloader unloaded successfully."
"INFO","FILES","03/30/2020","19:31:26","coldbox.system.web.services.ModuleService","Module cfcollection unloaded successfully."
"INFO","FILES","03/30/2020","19:31:26","coldbox.system.web.services.ModuleService","Module quick unloaded successfully."
"INFO","FILES","03/30/2020","19:31:26","coldbox.system.web.services.ModuleService","Module hyper unloaded successfully."
"INFO","FILES","03/30/2020","19:31:26","coldbox.system.web.services.ModuleService","Module normalizeToArray unloaded successfully."
"INFO","FILES","03/30/2020","19:31:26","coldbox.system.web.services.ModuleService","Module qb unloaded successfully."
"INFO","FILES","03/30/2020","19:31:26","coldbox.system.web.services.ModuleService","Module str unloaded successfully."
"INFO","FILES","03/30/2020","19:31:26","coldbox.system.ioc.Injector","Shutdown of Injector: 692672364 requested and started."
"INFO","FILES","03/30/2020","19:31:26","coldbox.system.ioc.Injector","Shutdown of injector: 692672364 completed."
"INFO","FILES","03/30/2020","19:31:27","coldbox.system.web.services.RoutingService","Loading Modern Router at: config.Router"
"INFO","FILES","03/30/2020","19:31:27","coldbox.system.web.services.ModuleService","Module HTMLHelper registered successfully."
"INFO","FILES","03/30/2020","19:31:27","coldbox.system.web.services.ModuleService","Module hyper registered successfully."
"INFO","FILES","03/30/2020","19:31:27","coldbox.system.web.services.ModuleService","Module normalizeToArray registered successfully."
"INFO","FILES","03/30/2020","19:31:27","coldbox.system.web.services.ModuleService","Module cfcollection registered successfully."
"INFO","FILES","03/30/2020","19:31:27","coldbox.system.web.services.ModuleService","Module qb registered successfully."
"INFO","FILES","03/30/2020","19:31:27","coldbox.system.web.services.ModuleService","Module cbjavaloader registered successfully."
"INFO","FILES","03/30/2020","19:31:27","coldbox.system.web.services.ModuleService","Module str registered successfully."
"INFO","FILES","03/30/2020","19:31:27","coldbox.system.web.services.ModuleService","Module quick registered successfully."
"INFO","FILES","03/30/2020","19:31:27","coldbox.system.web.services.ModuleService","==> Registered All Modules in 88 ms"
"INFO","FILES","03/30/2020","19:31:27","coldbox.system.web.services.ModuleService","Module HTMLHelper activated sucessfully."
"INFO","FILES","03/30/2020","19:31:27","coldbox.system.web.services.ModuleService","Module hyper activated sucessfully."
"INFO","FILES","03/30/2020","19:31:27","coldbox.system.web.services.ModuleService","Activating quick requests dependency activation: qb"
"INFO","FILES","03/30/2020","19:31:27","coldbox.system.web.services.ModuleService","Module qb activated sucessfully."
"INFO","FILES","03/30/2020","19:31:27","coldbox.system.web.services.ModuleService","Activating quick requests dependency activation: str"
"INFO","FILES","03/30/2020","19:31:27","coldbox.system.web.services.ModuleService","Activating str requests dependency activation: cbjavaloader"
"INFO","FILES","03/30/2020","19:31:27","coldbox.system.web.services.ModuleService","Module cbjavaloader activated sucessfully."
"INFO","FILES","03/30/2020","19:31:27","coldbox.system.web.services.ModuleService","Module cbjavaloader already activated, skipping activation."
"INFO","FILES","03/30/2020","19:31:27","coldbox.system.web.services.ModuleService","Module str activated sucessfully."
"INFO","FILES","03/30/2020","19:31:27","coldbox.system.web.services.ModuleService","Module normalizeToArray activated sucessfully."
"INFO","FILES","03/30/2020","19:31:27","coldbox.system.web.services.ModuleService","Module cfcollection activated sucessfully."
"INFO","FILES","03/30/2020","19:31:27","coldbox.system.web.services.ModuleService","Module qb already activated, skipping activation."
"INFO","FILES","03/30/2020","19:31:27","coldbox.system.web.services.ModuleService","Module str already activated, skipping activation."
"INFO","FILES","03/30/2020","19:31:27","coldbox.system.web.services.ModuleService","Module quick activated sucessfully."
"INFO","FILES","03/30/2020","19:31:27","coldbox.system.web.services.ModuleService","Module cfcollection already activated, skipping activation."
"INFO","FILES","03/30/2020","19:31:27","coldbox.system.web.services.ModuleService","Module normalizeToArray already activated, skipping activation."
"INFO","FILES","03/30/2020","19:31:27","coldbox.system.web.services.ModuleService","Module qb already activated, skipping activation."
"INFO","FILES","03/30/2020","19:31:27","coldbox.system.web.services.ModuleService","Module str already activated, skipping activation."
"INFO","FILES","03/30/2020","19:31:27","coldbox.system.web.services.ModuleService","Module cbjavaloader already activated, skipping activation."
"INFO","FILES","03/30/2020","19:31:27","coldbox.system.web.services.ModuleService","==> Activated All Modules in 185 ms"
"INFO","FILES","03/30/2020","19:31:27","coldbox.system.web.services.InterceptorService","Re-scanning interceptors as modules have contributed interception points"
"INFO","FILES","03/30/2020","19:31:56","coldbox.system.web.services.ModuleService","Module HTMLHelper unloaded successfully."
"INFO","FILES","03/30/2020","19:31:56","coldbox.system.web.services.ModuleService","Module cbjavaloader unloaded successfully."
"INFO","FILES","03/30/2020","19:31:56","coldbox.system.web.services.ModuleService","Module cfcollection unloaded successfully."
"INFO","FILES","03/30/2020","19:31:56","coldbox.system.web.services.ModuleService","Module quick unloaded successfully."
"INFO","FILES","03/30/2020","19:31:56","coldbox.system.web.services.ModuleService","Module hyper unloaded successfully."
"INFO","FILES","03/30/2020","19:31:56","coldbox.system.web.services.ModuleService","Module normalizeToArray unloaded successfully."
"INFO","FILES","03/30/2020","19:31:56","coldbox.system.web.services.ModuleService","Module qb unloaded successfully."
"INFO","FILES","03/30/2020","19:31:56","coldbox.system.web.services.ModuleService","Module str unloaded successfully."
"INFO","FILES","03/30/2020","19:31:56","coldbox.system.ioc.Injector","Shutdown of Injector: 193514215 requested and started."
"INFO","FILES","03/30/2020","19:31:56","coldbox.system.ioc.Injector","Shutdown of injector: 193514215 completed."
"INFO","FILES","03/30/2020","19:31:57","coldbox.system.web.services.RoutingService","Loading Modern Router at: config.Router"
"INFO","FILES","03/30/2020","19:31:57","coldbox.system.web.services.ModuleService","Module HTMLHelper registered successfully."
"INFO","FILES","03/30/2020","19:31:57","coldbox.system.web.services.ModuleService","Module hyper registered successfully."
"INFO","FILES","03/30/2020","19:31:57","coldbox.system.web.services.ModuleService","Module normalizeToArray registered successfully."
"INFO","FILES","03/30/2020","19:31:57","coldbox.system.web.services.ModuleService","Module cfcollection registered successfully."
"INFO","FILES","03/30/2020","19:31:57","coldbox.system.web.services.ModuleService","Module qb registered successfully."
"INFO","FILES","03/30/2020","19:31:57","coldbox.system.web.services.ModuleService","Module cbjavaloader registered successfully."
"INFO","FILES","03/30/2020","19:31:57","coldbox.system.web.services.ModuleService","Module str registered successfully."
"INFO","FILES","03/30/2020","19:31:57","coldbox.system.web.services.ModuleService","Module quick registered successfully."
"INFO","FILES","03/30/2020","19:31:57","coldbox.system.web.services.ModuleService","==> Registered All Modules in 40 ms"
"INFO","FILES","03/30/2020","19:31:57","coldbox.system.web.services.ModuleService","Module HTMLHelper activated sucessfully."
"INFO","FILES","03/30/2020","19:31:57","coldbox.system.web.services.ModuleService","Module hyper activated sucessfully."
"INFO","FILES","03/30/2020","19:31:57","coldbox.system.web.services.ModuleService","Activating quick requests dependency activation: qb"
"INFO","FILES","03/30/2020","19:31:57","coldbox.system.web.services.ModuleService","Module qb activated sucessfully."
"INFO","FILES","03/30/2020","19:31:57","coldbox.system.web.services.ModuleService","Activating quick requests dependency activation: str"
"INFO","FILES","03/30/2020","19:31:57","coldbox.system.web.services.ModuleService","Activating str requests dependency activation: cbjavaloader"
"INFO","FILES","03/30/2020","19:31:57","coldbox.system.web.services.ModuleService","Module cbjavaloader activated sucessfully."
"INFO","FILES","03/30/2020","19:31:57","coldbox.system.web.services.ModuleService","Module cbjavaloader already activated, skipping activation."
"INFO","FILES","03/30/2020","19:31:57","coldbox.system.web.services.ModuleService","Module str activated sucessfully."
"INFO","FILES","03/30/2020","19:31:57","coldbox.system.web.services.ModuleService","Module normalizeToArray activated sucessfully."
"INFO","FILES","03/30/2020","19:31:57","coldbox.system.web.services.ModuleService","Module cfcollection activated sucessfully."
"INFO","FILES","03/30/2020","19:31:57","coldbox.system.web.services.ModuleService","Module qb already activated, skipping activation."
"INFO","FILES","03/30/2020","19:31:57","coldbox.system.web.services.ModuleService","Module str already activated, skipping activation."
"INFO","FILES","03/30/2020","19:31:57","coldbox.system.web.services.ModuleService","Module quick activated sucessfully."
"INFO","FILES","03/30/2020","19:31:57","coldbox.system.web.services.ModuleService","Module cfcollection already activated, skipping activation."
"INFO","FILES","03/30/2020","19:31:57","coldbox.system.web.services.ModuleService","Module normalizeToArray already activated, skipping activation."
"INFO","FILES","03/30/2020","19:31:57","coldbox.system.web.services.ModuleService","Module qb already activated, skipping activation."
"INFO","FILES","03/30/2020","19:31:57","coldbox.system.web.services.ModuleService","Module str already activated, skipping activation."
"INFO","FILES","03/30/2020","19:31:57","coldbox.system.web.services.ModuleService","Module cbjavaloader already activated, skipping activation."
"INFO","FILES","03/30/2020","19:31:57","coldbox.system.web.services.ModuleService","==> Activated All Modules in 60 ms"
"INFO","FILES","03/30/2020","19:31:57","coldbox.system.web.services.InterceptorService","Re-scanning interceptors as modules have contributed interception points"
"INFO","FILES","03/30/2020","19:32:32","coldbox.system.web.services.ModuleService","Module HTMLHelper unloaded successfully."
"INFO","FILES","03/30/2020","19:32:32","coldbox.system.web.services.ModuleService","Module cbjavaloader unloaded successfully."
"INFO","FILES","03/30/2020","19:32:32","coldbox.system.web.services.ModuleService","Module cfcollection unloaded successfully."
"INFO","FILES","03/30/2020","19:32:32","coldbox.system.web.services.ModuleService","Module quick unloaded successfully."
"INFO","FILES","03/30/2020","19:32:32","coldbox.system.web.services.ModuleService","Module hyper unloaded successfully."
"INFO","FILES","03/30/2020","19:32:32","coldbox.system.web.services.ModuleService","Module normalizeToArray unloaded successfully."
"INFO","FILES","03/30/2020","19:32:32","coldbox.system.web.services.ModuleService","Module qb unloaded successfully."
"INFO","FILES","03/30/2020","19:32:32","coldbox.system.web.services.ModuleService","Module str unloaded successfully."
"INFO","FILES","03/30/2020","19:32:32","coldbox.system.ioc.Injector","Shutdown of Injector: 13530093 requested and started."
"INFO","FILES","03/30/2020","19:32:32","coldbox.system.ioc.Injector","Shutdown of injector: 13530093 completed."
"INFO","FILES","03/30/2020","19:32:33","coldbox.system.web.services.RoutingService","Loading Modern Router at: config.Router"
"INFO","FILES","03/30/2020","19:32:33","coldbox.system.web.services.ModuleService","Module HTMLHelper registered successfully."
"INFO","FILES","03/30/2020","19:32:33","coldbox.system.web.services.ModuleService","Module hyper registered successfully."
"INFO","FILES","03/30/2020","19:32:33","coldbox.system.web.services.ModuleService","Module normalizeToArray registered successfully."
"INFO","FILES","03/30/2020","19:32:33","coldbox.system.web.services.ModuleService","Module cfcollection registered successfully."
"INFO","FILES","03/30/2020","19:32:33","coldbox.system.web.services.ModuleService","Module qb registered successfully."
"INFO","FILES","03/30/2020","19:32:33","coldbox.system.web.services.ModuleService","Module cbjavaloader registered successfully."
"INFO","FILES","03/30/2020","19:32:33","coldbox.system.web.services.ModuleService","Module str registered successfully."
"INFO","FILES","03/30/2020","19:32:33","coldbox.system.web.services.ModuleService","Module quick registered successfully."
"INFO","FILES","03/30/2020","19:32:33","coldbox.system.web.services.ModuleService","==> Registered All Modules in 51 ms"
"INFO","FILES","03/30/2020","19:32:33","coldbox.system.web.services.ModuleService","Module HTMLHelper activated sucessfully."
"INFO","FILES","03/30/2020","19:32:33","coldbox.system.web.services.ModuleService","Module hyper activated sucessfully."
"INFO","FILES","03/30/2020","19:32:33","coldbox.system.web.services.ModuleService","Activating quick requests dependency activation: qb"
"INFO","FILES","03/30/2020","19:32:33","coldbox.system.web.services.ModuleService","Module qb activated sucessfully."
"INFO","FILES","03/30/2020","19:32:33","coldbox.system.web.services.ModuleService","Activating quick requests dependency activation: str"
"INFO","FILES","03/30/2020","19:32:33","coldbox.system.web.services.ModuleService","Activating str requests dependency activation: cbjavaloader"
"INFO","FILES","03/30/2020","19:32:33","coldbox.system.web.services.ModuleService","Module cbjavaloader activated sucessfully."
"INFO","FILES","03/30/2020","19:32:33","coldbox.system.web.services.ModuleService","Module cbjavaloader already activated, skipping activation."
"INFO","FILES","03/30/2020","19:32:33","coldbox.system.web.services.ModuleService","Module str activated sucessfully."
"INFO","FILES","03/30/2020","19:32:33","coldbox.system.web.services.ModuleService","Module normalizeToArray activated sucessfully."
"INFO","FILES","03/30/2020","19:32:33","coldbox.system.web.services.ModuleService","Module cfcollection activated sucessfully."
"INFO","FILES","03/30/2020","19:32:33","coldbox.system.web.services.ModuleService","Module qb already activated, skipping activation."
"INFO","FILES","03/30/2020","19:32:33","coldbox.system.web.services.ModuleService","Module str already activated, skipping activation."
"INFO","FILES","03/30/2020","19:32:33","coldbox.system.web.services.ModuleService","Module quick activated sucessfully."
"INFO","FILES","03/30/2020","19:32:33","coldbox.system.web.services.ModuleService","Module cfcollection already activated, skipping activation."
"INFO","FILES","03/30/2020","19:32:33","coldbox.system.web.services.ModuleService","Module normalizeToArray already activated, skipping activation."
"INFO","FILES","03/30/2020","19:32:33","coldbox.system.web.services.ModuleService","Module qb already activated, skipping activation."
"INFO","FILES","03/30/2020","19:32:33","coldbox.system.web.services.ModuleService","Module str already activated, skipping activation."
"INFO","FILES","03/30/2020","19:32:33","coldbox.system.web.services.ModuleService","Module cbjavaloader already activated, skipping activation."
"INFO","FILES","03/30/2020","19:32:33","coldbox.system.web.services.ModuleService","==> Activated All Modules in 58 ms"
"INFO","FILES","03/30/2020","19:32:33","coldbox.system.web.services.InterceptorService","Re-scanning interceptors as modules have contributed interception points"
"INFO","FILES","03/30/2020","19:33:17","coldbox.system.web.services.RoutingService","Loading Modern Router at: config.Router"
"INFO","FILES","03/30/2020","19:33:17","coldbox.system.web.services.ModuleService","Module HTMLHelper registered successfully."
"INFO","FILES","03/30/2020","19:33:17","coldbox.system.web.services.ModuleService","Module hyper registered successfully."
"INFO","FILES","03/30/2020","19:33:17","coldbox.system.web.services.ModuleService","Module normalizeToArray registered successfully."
"INFO","FILES","03/30/2020","19:33:17","coldbox.system.web.services.ModuleService","Module cfcollection registered successfully."
"INFO","FILES","03/30/2020","19:33:17","coldbox.system.web.services.ModuleService","Module qb registered successfully."
"INFO","FILES","03/30/2020","19:33:17","coldbox.system.web.services.ModuleService","Module cbjavaloader registered successfully."
"INFO","FILES","03/30/2020","19:33:17","coldbox.system.web.services.ModuleService","Module str registered successfully."
"INFO","FILES","03/30/2020","19:33:17","coldbox.system.web.services.ModuleService","Module quick registered successfully."
"INFO","FILES","03/30/2020","19:33:17","coldbox.system.web.services.ModuleService","==> Registered All Modules in 196 ms"
"INFO","FILES","03/30/2020","19:33:18","coldbox.system.web.services.ModuleService","Module HTMLHelper activated sucessfully."
"INFO","FILES","03/30/2020","19:33:18","coldbox.system.web.services.ModuleService","Module hyper activated sucessfully."
"INFO","FILES","03/30/2020","19:33:18","coldbox.system.web.services.ModuleService","Activating quick requests dependency activation: qb"
"INFO","FILES","03/30/2020","19:33:18","coldbox.system.web.services.ModuleService","Module qb activated sucessfully."
"INFO","FILES","03/30/2020","19:33:18","coldbox.system.web.services.ModuleService","Activating quick requests dependency activation: str"
"INFO","FILES","03/30/2020","19:33:18","coldbox.system.web.services.ModuleService","Activating str requests dependency activation: cbjavaloader"
"INFO","FILES","03/30/2020","19:33:18","coldbox.system.web.services.ModuleService","Module cbjavaloader activated sucessfully."
"INFO","FILES","03/30/2020","19:33:18","coldbox.system.web.services.ModuleService","Module cbjavaloader already activated, skipping activation."
"INFO","FILES","03/30/2020","19:33:18","coldbox.system.web.services.ModuleService","Module str activated sucessfully."
"INFO","FILES","03/30/2020","19:33:18","coldbox.system.web.services.ModuleService","Module normalizeToArray activated sucessfully."
"INFO","FILES","03/30/2020","19:33:18","coldbox.system.web.services.ModuleService","Module cfcollection activated sucessfully."
"INFO","FILES","03/30/2020","19:33:18","coldbox.system.web.services.ModuleService","Module qb already activated, skipping activation."
"INFO","FILES","03/30/2020","19:33:18","coldbox.system.web.services.ModuleService","Module str already activated, skipping activation."
"INFO","FILES","03/30/2020","19:33:18","coldbox.system.web.services.ModuleService","Module quick activated sucessfully."
"INFO","FILES","03/30/2020","19:33:18","coldbox.system.web.services.ModuleService","Module cfcollection already activated, skipping activation."
"INFO","FILES","03/30/2020","19:33:18","coldbox.system.web.services.ModuleService","Module normalizeToArray already activated, skipping activation."
"INFO","FILES","03/30/2020","19:33:18","coldbox.system.web.services.ModuleService","Module qb already activated, skipping activation."
"INFO","FILES","03/30/2020","19:33:18","coldbox.system.web.services.ModuleService","Module str already activated, skipping activation."
"INFO","FILES","03/30/2020","19:33:18","coldbox.system.web.services.ModuleService","Module cbjavaloader already activated, skipping activation."
"INFO","FILES","03/30/2020","19:33:18","coldbox.system.web.services.ModuleService","==> Activated All Modules in 433 ms"
"INFO","FILES","03/30/2020","19:33:18","coldbox.system.web.services.InterceptorService","Re-scanning interceptors as modules have contributed interception points"
"INFO","FILES","03/30/2020","19:34:20","coldbox.system.web.services.ModuleService","Module HTMLHelper unloaded successfully."
"INFO","FILES","03/30/2020","19:34:20","coldbox.system.web.services.ModuleService","Module cbjavaloader unloaded successfully."
"INFO","FILES","03/30/2020","19:34:20","coldbox.system.web.services.ModuleService","Module cfcollection unloaded successfully."
"INFO","FILES","03/30/2020","19:34:20","coldbox.system.web.services.ModuleService","Module quick unloaded successfully."
"INFO","FILES","03/30/2020","19:34:20","coldbox.system.web.services.ModuleService","Module hyper unloaded successfully."
"INFO","FILES","03/30/2020","19:34:20","coldbox.system.web.services.ModuleService","Module normalizeToArray unloaded successfully."
"INFO","FILES","03/30/2020","19:34:20","coldbox.system.web.services.ModuleService","Module qb unloaded successfully."
"INFO","FILES","03/30/2020","19:34:20","coldbox.system.web.services.ModuleService","Module str unloaded successfully."
"INFO","FILES","03/30/2020","19:34:20","coldbox.system.ioc.Injector","Shutdown of Injector: 882001774 requested and started."
"INFO","FILES","03/30/2020","19:34:20","coldbox.system.ioc.Injector","Shutdown of injector: 882001774 completed."
"INFO","FILES","03/30/2020","19:34:21","coldbox.system.web.services.RoutingService","Loading Modern Router at: config.Router"
"INFO","FILES","03/30/2020","19:34:21","coldbox.system.web.services.ModuleService","Module HTMLHelper registered successfully."
"INFO","FILES","03/30/2020","19:34:21","coldbox.system.web.services.ModuleService","Module hyper registered successfully."
"INFO","FILES","03/30/2020","19:34:21","coldbox.system.web.services.ModuleService","Module normalizeToArray registered successfully."
"INFO","FILES","03/30/2020","19:34:21","coldbox.system.web.services.ModuleService","Module cfcollection registered successfully."
"INFO","FILES","03/30/2020","19:34:21","coldbox.system.web.services.ModuleService","Module qb registered successfully."
"INFO","FILES","03/30/2020","19:34:21","coldbox.system.web.services.ModuleService","Module cbjavaloader registered successfully."
"INFO","FILES","03/30/2020","19:34:21","coldbox.system.web.services.ModuleService","Module str registered successfully."
"INFO","FILES","03/30/2020","19:34:21","coldbox.system.web.services.ModuleService","Module quick registered successfully."
"INFO","FILES","03/30/2020","19:34:21","coldbox.system.web.services.ModuleService","==> Registered All Modules in 101 ms"
"INFO","FILES","03/30/2020","19:34:21","coldbox.system.web.services.ModuleService","Module HTMLHelper activated sucessfully."
"INFO","FILES","03/30/2020","19:34:21","coldbox.system.web.services.ModuleService","Module hyper activated sucessfully."
"INFO","FILES","03/30/2020","19:34:21","coldbox.system.web.services.ModuleService","Activating quick requests dependency activation: qb"
"INFO","FILES","03/30/2020","19:34:21","coldbox.system.web.services.ModuleService","Module qb activated sucessfully."
"INFO","FILES","03/30/2020","19:34:21","coldbox.system.web.services.ModuleService","Activating quick requests dependency activation: str"
"INFO","FILES","03/30/2020","19:34:21","coldbox.system.web.services.ModuleService","Activating str requests dependency activation: cbjavaloader"
"INFO","FILES","03/30/2020","19:34:21","coldbox.system.web.services.ModuleService","Module cbjavaloader activated sucessfully."
"INFO","FILES","03/30/2020","19:34:21","coldbox.system.web.services.ModuleService","Module cbjavaloader already activated, skipping activation."
"INFO","FILES","03/30/2020","19:34:21","coldbox.system.web.services.ModuleService","Module str activated sucessfully."
"INFO","FILES","03/30/2020","19:34:21","coldbox.system.web.services.ModuleService","Module normalizeToArray activated sucessfully."
"INFO","FILES","03/30/2020","19:34:21","coldbox.system.web.services.ModuleService","Module cfcollection activated sucessfully."
"INFO","FILES","03/30/2020","19:34:21","coldbox.system.web.services.ModuleService","Module qb already activated, skipping activation."
"INFO","FILES","03/30/2020","19:34:21","coldbox.system.web.services.ModuleService","Module str already activated, skipping activation."
"INFO","FILES","03/30/2020","19:34:21","coldbox.system.web.services.ModuleService","Module quick activated sucessfully."
"INFO","FILES","03/30/2020","19:34:21","coldbox.system.web.services.ModuleService","Module cfcollection already activated, skipping activation."
"INFO","FILES","03/30/2020","19:34:21","coldbox.system.web.services.ModuleService","Module normalizeToArray already activated, skipping activation."
"INFO","FILES","03/30/2020","19:34:21","coldbox.system.web.services.ModuleService","Module qb already activated, skipping activation."
"INFO","FILES","03/30/2020","19:34:21","coldbox.system.web.services.ModuleService","Module str already activated, skipping activation."
"INFO","FILES","03/30/2020","19:34:21","coldbox.system.web.services.ModuleService","Module cbjavaloader already activated, skipping activation."
"INFO","FILES","03/30/2020","19:34:21","coldbox.system.web.services.ModuleService","==> Activated All Modules in 113 ms"
"INFO","FILES","03/30/2020","19:34:21","coldbox.system.web.services.InterceptorService","Re-scanning interceptors as modules have contributed interception points"
"INFO","FILES","03/30/2020","19:35:00","coldbox.system.web.services.ModuleService","Module HTMLHelper unloaded successfully."
"INFO","FILES","03/30/2020","19:35:01","coldbox.system.web.services.ModuleService","Module cbjavaloader unloaded successfully."
"INFO","FILES","03/30/2020","19:35:01","coldbox.system.web.services.ModuleService","Module cfcollection unloaded successfully."
"INFO","FILES","03/30/2020","19:35:01","coldbox.system.web.services.ModuleService","Module quick unloaded successfully."
"INFO","FILES","03/30/2020","19:35:01","coldbox.system.web.services.ModuleService","Module hyper unloaded successfully."
"INFO","FILES","03/30/2020","19:35:01","coldbox.system.web.services.ModuleService","Module normalizeToArray unloaded successfully."
"INFO","FILES","03/30/2020","19:35:01","coldbox.system.web.services.ModuleService","Module qb unloaded successfully."
"INFO","FILES","03/30/2020","19:35:01","coldbox.system.web.services.ModuleService","Module str unloaded successfully."
"INFO","FILES","03/30/2020","19:35:01","coldbox.system.ioc.Injector","Shutdown of Injector: 1642031419 requested and started."
"INFO","FILES","03/30/2020","19:35:01","coldbox.system.ioc.Injector","Shutdown of injector: 1642031419 completed."
"INFO","FILES","03/30/2020","19:35:02","coldbox.system.web.services.RoutingService","Loading Modern Router at: config.Router"
"INFO","FILES","03/30/2020","19:35:02","coldbox.system.web.services.ModuleService","Module HTMLHelper registered successfully."
"INFO","FILES","03/30/2020","19:35:02","coldbox.system.web.services.ModuleService","Module hyper registered successfully."
"INFO","FILES","03/30/2020","19:35:02","coldbox.system.web.services.ModuleService","Module normalizeToArray registered successfully."
"INFO","FILES","03/30/2020","19:35:02","coldbox.system.web.services.ModuleService","Module cfcollection registered successfully."
"INFO","FILES","03/30/2020","19:35:02","coldbox.system.web.services.ModuleService","Module qb registered successfully."
"INFO","FILES","03/30/2020","19:35:02","coldbox.system.web.services.ModuleService","Module cbjavaloader registered successfully."
"INFO","FILES","03/30/2020","19:35:02","coldbox.system.web.services.ModuleService","Module str registered successfully."
"INFO","FILES","03/30/2020","19:35:02","coldbox.system.web.services.ModuleService","Module quick registered successfully."
"INFO","FILES","03/30/2020","19:35:02","coldbox.system.web.services.ModuleService","==> Registered All Modules in 102 ms"
"INFO","FILES","03/30/2020","19:35:02","coldbox.system.web.services.ModuleService","Module HTMLHelper activated sucessfully."
"INFO","FILES","03/30/2020","19:35:02","coldbox.system.web.services.ModuleService","Module hyper activated sucessfully."
"INFO","FILES","03/30/2020","19:35:02","coldbox.system.web.services.ModuleService","Activating quick requests dependency activation: qb"
"INFO","FILES","03/30/2020","19:35:02","coldbox.system.web.services.ModuleService","Module qb activated sucessfully."
"INFO","FILES","03/30/2020","19:35:02","coldbox.system.web.services.ModuleService","Activating quick requests dependency activation: str"
"INFO","FILES","03/30/2020","19:35:02","coldbox.system.web.services.ModuleService","Activating str requests dependency activation: cbjavaloader"
"INFO","FILES","03/30/2020","19:35:02","coldbox.system.web.services.ModuleService","Module cbjavaloader activated sucessfully."
"INFO","FILES","03/30/2020","19:35:02","coldbox.system.web.services.ModuleService","Module cbjavaloader already activated, skipping activation."
"INFO","FILES","03/30/2020","19:35:02","coldbox.system.web.services.ModuleService","Module str activated sucessfully."
"INFO","FILES","03/30/2020","19:35:02","coldbox.system.web.services.ModuleService","Module normalizeToArray activated sucessfully."
"INFO","FILES","03/30/2020","19:35:02","coldbox.system.web.services.ModuleService","Module cfcollection activated sucessfully."
"INFO","FILES","03/30/2020","19:35:02","coldbox.system.web.services.ModuleService","Module qb already activated, skipping activation."
"INFO","FILES","03/30/2020","19:35:02","coldbox.system.web.services.ModuleService","Module str already activated, skipping activation."
"INFO","FILES","03/30/2020","19:35:02","coldbox.system.web.services.ModuleService","Module quick activated sucessfully."
"INFO","FILES","03/30/2020","19:35:02","coldbox.system.web.services.ModuleService","Module cfcollection already activated, skipping activation."
"INFO","FILES","03/30/2020","19:35:02","coldbox.system.web.services.ModuleService","Module normalizeToArray already activated, skipping activation."
"INFO","FILES","03/30/2020","19:35:02","coldbox.system.web.services.ModuleService","Module qb already activated, skipping activation."
"INFO","FILES","03/30/2020","19:35:02","coldbox.system.web.services.ModuleService","Module str already activated, skipping activation."
"INFO","FILES","03/30/2020","19:35:02","coldbox.system.web.services.ModuleService","Module cbjavaloader already activated, skipping activation."
"INFO","FILES","03/30/2020","19:35:02","coldbox.system.web.services.ModuleService","==> Activated All Modules in 113 ms"
"INFO","FILES","03/30/2020","19:35:02","coldbox.system.web.services.InterceptorService","Re-scanning interceptors as modules have contributed interception points"
"INFO","FILES","03/30/2020","21:13:02","coldbox.system.web.services.RoutingService","Loading Modern Router at: config.Router"
"INFO","FILES","03/30/2020","21:13:02","coldbox.system.web.services.ModuleService","Module HTMLHelper registered successfully."
"INFO","FILES","03/30/2020","21:13:02","coldbox.system.web.services.ModuleService","Module hyper registered successfully."
"INFO","FILES","03/30/2020","21:13:02","coldbox.system.web.services.ModuleService","Module normalizeToArray registered successfully."
"INFO","FILES","03/30/2020","21:13:02","coldbox.system.web.services.ModuleService","Module cfcollection registered successfully."
"INFO","FILES","03/30/2020","21:13:02","coldbox.system.web.services.ModuleService","Module qb registered successfully."
"INFO","FILES","03/30/2020","21:13:02","coldbox.system.web.services.ModuleService","Module cbjavaloader registered successfully."
"INFO","FILES","03/30/2020","21:13:02","coldbox.system.web.services.ModuleService","Module str registered successfully."
"INFO","FILES","03/30/2020","21:13:02","coldbox.system.web.services.ModuleService","Module quick registered successfully."
"INFO","FILES","03/30/2020","21:13:02","coldbox.system.web.services.ModuleService","==> Registered All Modules in 209 ms"
"INFO","FILES","03/30/2020","21:13:02","coldbox.system.web.services.ModuleService","Module HTMLHelper activated sucessfully."
"INFO","FILES","03/30/2020","21:13:02","coldbox.system.web.services.ModuleService","Module hyper activated sucessfully."
"INFO","FILES","03/30/2020","21:13:02","coldbox.system.web.services.ModuleService","Activating quick requests dependency activation: qb"
"INFO","FILES","03/30/2020","21:13:02","coldbox.system.web.services.ModuleService","Module qb activated sucessfully."
"INFO","FILES","03/30/2020","21:13:02","coldbox.system.web.services.ModuleService","Activating quick requests dependency activation: str"
"INFO","FILES","03/30/2020","21:13:02","coldbox.system.web.services.ModuleService","Activating str requests dependency activation: cbjavaloader"
"INFO","FILES","03/30/2020","21:13:02","coldbox.system.web.services.ModuleService","Module cbjavaloader activated sucessfully."
"INFO","FILES","03/30/2020","21:13:02","coldbox.system.web.services.ModuleService","Module cbjavaloader already activated, skipping activation."
"INFO","FILES","03/30/2020","21:13:02","coldbox.system.web.services.ModuleService","Module str activated sucessfully."
"INFO","FILES","03/30/2020","21:13:02","coldbox.system.web.services.ModuleService","Module normalizeToArray activated sucessfully."
"INFO","FILES","03/30/2020","21:13:02","coldbox.system.web.services.ModuleService","Module cfcollection activated sucessfully."
"INFO","FILES","03/30/2020","21:13:02","coldbox.system.web.services.ModuleService","Module qb already activated, skipping activation."
"INFO","FILES","03/30/2020","21:13:02","coldbox.system.web.services.ModuleService","Module str already activated, skipping activation."
"INFO","FILES","03/30/2020","21:13:02","coldbox.system.web.services.ModuleService","Module quick activated sucessfully."
"INFO","FILES","03/30/2020","21:13:02","coldbox.system.web.services.ModuleService","Module cfcollection already activated, skipping activation."
"INFO","FILES","03/30/2020","21:13:03","coldbox.system.web.services.ModuleService","Module normalizeToArray already activated, skipping activation."
"INFO","FILES","03/30/2020","21:13:03","coldbox.system.web.services.ModuleService","Module qb already activated, skipping activation."
"INFO","FILES","03/30/2020","21:13:03","coldbox.system.web.services.ModuleService","Module str already activated, skipping activation."
"INFO","FILES","03/30/2020","21:13:03","coldbox.system.web.services.ModuleService","Module cbjavaloader already activated, skipping activation."
"INFO","FILES","03/30/2020","21:13:03","coldbox.system.web.services.ModuleService","==> Activated All Modules in 403 ms"
"INFO","FILES","03/30/2020","21:13:03","coldbox.system.web.services.InterceptorService","Re-scanning interceptors as modules have contributed interception points"
"INFO","FILES","03/31/2020","01:16:36","coldbox.system.web.services.ModuleService","Module HTMLHelper unloaded successfully."
"INFO","FILES","03/31/2020","01:16:36","coldbox.system.web.services.ModuleService","Module cbjavaloader unloaded successfully."
"INFO","FILES","03/31/2020","01:16:36","coldbox.system.web.services.ModuleService","Module cfcollection unloaded successfully."
"INFO","FILES","03/31/2020","01:16:36","coldbox.system.web.services.ModuleService","Module quick unloaded successfully."
"INFO","FILES","03/31/2020","01:16:36","coldbox.system.web.services.ModuleService","Module hyper unloaded successfully."
"INFO","FILES","03/31/2020","01:16:36","coldbox.system.web.services.ModuleService","Module normalizeToArray unloaded successfully."
"INFO","FILES","03/31/2020","01:16:36","coldbox.system.web.services.ModuleService","Module qb unloaded successfully."
"INFO","FILES","03/31/2020","01:16:36","coldbox.system.web.services.ModuleService","Module str unloaded successfully."
"INFO","FILES","03/31/2020","01:16:36","coldbox.system.ioc.Injector","Shutdown of Injector: 362729940 requested and started."
"INFO","FILES","03/31/2020","01:16:36","coldbox.system.ioc.Injector","Shutdown of injector: 362729940 completed."
